[2024-03-20T12:39:05.836+0000] {logging_mixin.py:188} INFO - Changing /opt/***/logs/dag_id=my_dag/run_id=scheduled__2024-03-19T00:00:00+00:00/task_id=inaccurate permission to 509
[2024-03-20T12:39:05.839+0000] {logging_mixin.py:188} INFO - Changing /opt/***/logs/dag_id=my_dag/run_id=scheduled__2024-03-19T00:00:00+00:00 permission to 509
[2024-03-20T12:39:05.841+0000] {logging_mixin.py:188} INFO - Changing /opt/***/logs/dag_id=my_dag permission to 509
[2024-03-20T12:39:05.843+0000] {logging_mixin.py:188} INFO - Changing /opt/***/logs permission to 509
[2024-03-20T12:39:05.878+0000] {logging_mixin.py:188} INFO - Changing /opt/***/logs/dag_id=my_dag/run_id=scheduled__2024-03-19T00:00:00+00:00/task_id=inaccurate permission to 509
[2024-03-20T12:39:05.880+0000] {logging_mixin.py:188} INFO - Changing /opt/***/logs/dag_id=my_dag/run_id=scheduled__2024-03-19T00:00:00+00:00 permission to 509
[2024-03-20T12:39:05.882+0000] {logging_mixin.py:188} INFO - Changing /opt/***/logs/dag_id=my_dag permission to 509
[2024-03-20T12:39:05.884+0000] {logging_mixin.py:188} INFO - Changing /opt/***/logs permission to 509
[2024-03-20T12:39:05.932+0000] {taskinstance.py:1979} INFO - Dependencies all met for dep_context=non-requeueable deps ti=<TaskInstance: my_dag.inaccurate scheduled__2024-03-19T00:00:00+00:00 [queued]>
[2024-03-20T12:39:05.942+0000] {taskinstance.py:1979} INFO - Dependencies all met for dep_context=requeueable deps ti=<TaskInstance: my_dag.inaccurate scheduled__2024-03-19T00:00:00+00:00 [queued]>
[2024-03-20T12:39:05.943+0000] {taskinstance.py:2193} INFO - Starting attempt 1 of 1
[2024-03-20T12:39:05.957+0000] {taskinstance.py:2217} INFO - Executing <Task(BashOperator): inaccurate> on 2024-03-19 00:00:00+00:00
[2024-03-20T12:39:05.964+0000] {standard_task_runner.py:60} INFO - Started process 935 to run task
[2024-03-20T12:39:05.968+0000] {standard_task_runner.py:87} INFO - Running: ['***', 'tasks', 'run', 'my_dag', 'inaccurate', 'scheduled__2024-03-19T00:00:00+00:00', '--job-id', '16', '--raw', '--subdir', 'DAGS_FOLDER/myfirst_dag.py', '--cfg-path', '/tmp/tmp3dvxeryt']
[2024-03-20T12:39:05.971+0000] {standard_task_runner.py:88} INFO - Job 16: Subtask inaccurate
[2024-03-20T12:39:06.022+0000] {logging_mixin.py:188} INFO - Changing /opt/***/logs/dag_id=my_dag/run_id=scheduled__2024-03-19T00:00:00+00:00/task_id=inaccurate permission to 509
[2024-03-20T12:39:06.024+0000] {logging_mixin.py:188} INFO - Changing /opt/***/logs/dag_id=my_dag/run_id=scheduled__2024-03-19T00:00:00+00:00 permission to 509
[2024-03-20T12:39:06.027+0000] {logging_mixin.py:188} INFO - Changing /opt/***/logs/dag_id=my_dag permission to 509
[2024-03-20T12:39:06.028+0000] {logging_mixin.py:188} INFO - Changing /opt/***/logs permission to 509
[2024-03-20T12:39:06.032+0000] {task_command.py:423} INFO - Running <TaskInstance: my_dag.inaccurate scheduled__2024-03-19T00:00:00+00:00 [running]> on host bb51432bb76d
[2024-03-20T12:39:06.112+0000] {taskinstance.py:2513} INFO - Exporting env vars: AIRFLOW_CTX_DAG_OWNER='***' AIRFLOW_CTX_DAG_ID='my_dag' AIRFLOW_CTX_TASK_ID='inaccurate' AIRFLOW_CTX_EXECUTION_DATE='2024-03-19T00:00:00+00:00' AIRFLOW_CTX_TRY_NUMBER='1' AIRFLOW_CTX_DAG_RUN_ID='scheduled__2024-03-19T00:00:00+00:00'
[2024-03-20T12:39:06.115+0000] {subprocess.py:63} INFO - Tmp dir root location: /tmp
[2024-03-20T12:39:06.117+0000] {subprocess.py:75} INFO - Running command: ['/usr/bin/bash', '-c', "echo 'inaccurate'"]
[2024-03-20T12:39:06.131+0000] {subprocess.py:86} INFO - Output:
[2024-03-20T12:39:06.134+0000] {subprocess.py:93} INFO - inaccurate
[2024-03-20T12:39:06.135+0000] {subprocess.py:97} INFO - Command exited with return code 0
[2024-03-20T12:39:06.160+0000] {taskinstance.py:1149} INFO - Marking task as SUCCESS. dag_id=my_dag, task_id=inaccurate, execution_date=20240319T000000, start_date=20240320T123905, end_date=20240320T123906
[2024-03-20T12:39:06.221+0000] {local_task_job_runner.py:234} INFO - Task exited with return code 0
[2024-03-20T12:39:06.242+0000] {taskinstance.py:3312} INFO - 0 downstream tasks scheduled from follow-on schedule check
