[2024-03-20T12:38:59.836+0000] {logging_mixin.py:188} INFO - Changing /opt/***/logs/dag_id=my_dag/run_id=manual__2024-03-20T12:38:45.481660+00:00/task_id=training_model_C permission to 509
[2024-03-20T12:38:59.841+0000] {logging_mixin.py:188} INFO - Changing /opt/***/logs/dag_id=my_dag/run_id=manual__2024-03-20T12:38:45.481660+00:00 permission to 509
[2024-03-20T12:38:59.845+0000] {logging_mixin.py:188} INFO - Changing /opt/***/logs/dag_id=my_dag permission to 509
[2024-03-20T12:38:59.853+0000] {logging_mixin.py:188} INFO - Changing /opt/***/logs permission to 509
[2024-03-20T12:38:59.932+0000] {logging_mixin.py:188} INFO - Changing /opt/***/logs/dag_id=my_dag/run_id=manual__2024-03-20T12:38:45.481660+00:00/task_id=training_model_C permission to 509
[2024-03-20T12:38:59.941+0000] {logging_mixin.py:188} INFO - Changing /opt/***/logs/dag_id=my_dag/run_id=manual__2024-03-20T12:38:45.481660+00:00 permission to 509
[2024-03-20T12:38:59.949+0000] {logging_mixin.py:188} INFO - Changing /opt/***/logs/dag_id=my_dag permission to 509
[2024-03-20T12:38:59.961+0000] {logging_mixin.py:188} INFO - Changing /opt/***/logs permission to 509
[2024-03-20T12:39:00.083+0000] {taskinstance.py:1979} INFO - Dependencies all met for dep_context=non-requeueable deps ti=<TaskInstance: my_dag.training_model_C manual__2024-03-20T12:38:45.481660+00:00 [queued]>
[2024-03-20T12:39:00.106+0000] {taskinstance.py:1979} INFO - Dependencies all met for dep_context=requeueable deps ti=<TaskInstance: my_dag.training_model_C manual__2024-03-20T12:38:45.481660+00:00 [queued]>
[2024-03-20T12:39:00.108+0000] {taskinstance.py:2193} INFO - Starting attempt 1 of 1
[2024-03-20T12:39:00.166+0000] {taskinstance.py:2217} INFO - Executing <Task(PythonOperator): training_model_C> on 2024-03-20 12:38:45.481660+00:00
[2024-03-20T12:39:00.191+0000] {standard_task_runner.py:60} INFO - Started process 926 to run task
[2024-03-20T12:39:00.204+0000] {standard_task_runner.py:87} INFO - Running: ['***', 'tasks', 'run', 'my_dag', 'training_model_C', 'manual__2024-03-20T12:38:45.481660+00:00', '--job-id', '12', '--raw', '--subdir', 'DAGS_FOLDER/myfirst_dag.py', '--cfg-path', '/tmp/tmpskmlnr5j']
[2024-03-20T12:39:00.219+0000] {standard_task_runner.py:88} INFO - Job 12: Subtask training_model_C
[2024-03-20T12:39:00.345+0000] {logging_mixin.py:188} INFO - Changing /opt/***/logs/dag_id=my_dag/run_id=manual__2024-03-20T12:38:45.481660+00:00/task_id=training_model_C permission to 509
[2024-03-20T12:39:00.348+0000] {logging_mixin.py:188} INFO - Changing /opt/***/logs/dag_id=my_dag/run_id=manual__2024-03-20T12:38:45.481660+00:00 permission to 509
[2024-03-20T12:39:00.350+0000] {logging_mixin.py:188} INFO - Changing /opt/***/logs/dag_id=my_dag permission to 509
[2024-03-20T12:39:00.352+0000] {logging_mixin.py:188} INFO - Changing /opt/***/logs permission to 509
[2024-03-20T12:39:00.361+0000] {task_command.py:423} INFO - Running <TaskInstance: my_dag.training_model_C manual__2024-03-20T12:38:45.481660+00:00 [running]> on host bb51432bb76d
[2024-03-20T12:39:00.548+0000] {taskinstance.py:2513} INFO - Exporting env vars: AIRFLOW_CTX_DAG_OWNER='***' AIRFLOW_CTX_DAG_ID='my_dag' AIRFLOW_CTX_TASK_ID='training_model_C' AIRFLOW_CTX_EXECUTION_DATE='2024-03-20T12:38:45.481660+00:00' AIRFLOW_CTX_TRY_NUMBER='1' AIRFLOW_CTX_DAG_RUN_ID='manual__2024-03-20T12:38:45.481660+00:00'
[2024-03-20T12:39:00.552+0000] {python.py:202} INFO - Done. Returned value was: 6
[2024-03-20T12:39:00.598+0000] {taskinstance.py:1149} INFO - Marking task as SUCCESS. dag_id=my_dag, task_id=training_model_C, execution_date=20240320T123845, start_date=20240320T123900, end_date=20240320T123900
[2024-03-20T12:39:00.664+0000] {local_task_job_runner.py:234} INFO - Task exited with return code 0
[2024-03-20T12:39:00.758+0000] {taskinstance.py:3312} INFO - 0 downstream tasks scheduled from follow-on schedule check
