[2024-03-20T12:39:02.835+0000] {logging_mixin.py:188} INFO - Changing /opt/***/logs/dag_id=my_dag/run_id=manual__2024-03-20T12:38:45.481660+00:00/task_id=training_model_A permission to 509
[2024-03-20T12:39:02.837+0000] {logging_mixin.py:188} INFO - Changing /opt/***/logs/dag_id=my_dag/run_id=manual__2024-03-20T12:38:45.481660+00:00 permission to 509
[2024-03-20T12:39:02.842+0000] {logging_mixin.py:188} INFO - Changing /opt/***/logs/dag_id=my_dag permission to 509
[2024-03-20T12:39:02.845+0000] {logging_mixin.py:188} INFO - Changing /opt/***/logs permission to 509
[2024-03-20T12:39:02.905+0000] {logging_mixin.py:188} INFO - Changing /opt/***/logs/dag_id=my_dag/run_id=manual__2024-03-20T12:38:45.481660+00:00/task_id=training_model_A permission to 509
[2024-03-20T12:39:02.910+0000] {logging_mixin.py:188} INFO - Changing /opt/***/logs/dag_id=my_dag/run_id=manual__2024-03-20T12:38:45.481660+00:00 permission to 509
[2024-03-20T12:39:02.912+0000] {logging_mixin.py:188} INFO - Changing /opt/***/logs/dag_id=my_dag permission to 509
[2024-03-20T12:39:02.914+0000] {logging_mixin.py:188} INFO - Changing /opt/***/logs permission to 509
[2024-03-20T12:39:03.019+0000] {taskinstance.py:1979} INFO - Dependencies all met for dep_context=non-requeueable deps ti=<TaskInstance: my_dag.training_model_A manual__2024-03-20T12:38:45.481660+00:00 [queued]>
[2024-03-20T12:39:03.046+0000] {taskinstance.py:1979} INFO - Dependencies all met for dep_context=requeueable deps ti=<TaskInstance: my_dag.training_model_A manual__2024-03-20T12:38:45.481660+00:00 [queued]>
[2024-03-20T12:39:03.047+0000] {taskinstance.py:2193} INFO - Starting attempt 1 of 1
[2024-03-20T12:39:03.084+0000] {taskinstance.py:2217} INFO - Executing <Task(PythonOperator): training_model_A> on 2024-03-20 12:38:45.481660+00:00
[2024-03-20T12:39:03.101+0000] {standard_task_runner.py:60} INFO - Started process 929 to run task
[2024-03-20T12:39:03.109+0000] {standard_task_runner.py:87} INFO - Running: ['***', 'tasks', 'run', 'my_dag', 'training_model_A', 'manual__2024-03-20T12:38:45.481660+00:00', '--job-id', '14', '--raw', '--subdir', 'DAGS_FOLDER/myfirst_dag.py', '--cfg-path', '/tmp/tmpb_8jfl9k']
[2024-03-20T12:39:03.113+0000] {standard_task_runner.py:88} INFO - Job 14: Subtask training_model_A
[2024-03-20T12:39:03.281+0000] {logging_mixin.py:188} INFO - Changing /opt/***/logs/dag_id=my_dag/run_id=manual__2024-03-20T12:38:45.481660+00:00/task_id=training_model_A permission to 509
[2024-03-20T12:39:03.283+0000] {logging_mixin.py:188} INFO - Changing /opt/***/logs/dag_id=my_dag/run_id=manual__2024-03-20T12:38:45.481660+00:00 permission to 509
[2024-03-20T12:39:03.287+0000] {logging_mixin.py:188} INFO - Changing /opt/***/logs/dag_id=my_dag permission to 509
[2024-03-20T12:39:03.291+0000] {logging_mixin.py:188} INFO - Changing /opt/***/logs permission to 509
[2024-03-20T12:39:03.301+0000] {task_command.py:423} INFO - Running <TaskInstance: my_dag.training_model_A manual__2024-03-20T12:38:45.481660+00:00 [running]> on host bb51432bb76d
[2024-03-20T12:39:03.469+0000] {taskinstance.py:2513} INFO - Exporting env vars: AIRFLOW_CTX_DAG_OWNER='***' AIRFLOW_CTX_DAG_ID='my_dag' AIRFLOW_CTX_TASK_ID='training_model_A' AIRFLOW_CTX_EXECUTION_DATE='2024-03-20T12:38:45.481660+00:00' AIRFLOW_CTX_TRY_NUMBER='1' AIRFLOW_CTX_DAG_RUN_ID='manual__2024-03-20T12:38:45.481660+00:00'
[2024-03-20T12:39:03.474+0000] {python.py:202} INFO - Done. Returned value was: 8
[2024-03-20T12:39:03.512+0000] {taskinstance.py:1149} INFO - Marking task as SUCCESS. dag_id=my_dag, task_id=training_model_A, execution_date=20240320T123845, start_date=20240320T123903, end_date=20240320T123903
[2024-03-20T12:39:03.576+0000] {local_task_job_runner.py:234} INFO - Task exited with return code 0
[2024-03-20T12:39:03.619+0000] {taskinstance.py:3312} INFO - 1 downstream tasks scheduled from follow-on schedule check
