[2024-03-20T12:38:50.233+0000] {logging_mixin.py:188} INFO - Changing /opt/***/logs/dag_id=my_dag/run_id=scheduled__2024-03-19T00:00:00+00:00/task_id=training_model_A permission to 509
[2024-03-20T12:38:50.244+0000] {logging_mixin.py:188} INFO - Changing /opt/***/logs/dag_id=my_dag/run_id=scheduled__2024-03-19T00:00:00+00:00 permission to 509
[2024-03-20T12:38:50.252+0000] {logging_mixin.py:188} INFO - Changing /opt/***/logs/dag_id=my_dag permission to 509
[2024-03-20T12:38:50.293+0000] {logging_mixin.py:188} INFO - Changing /opt/***/logs permission to 509
[2024-03-20T12:38:50.443+0000] {logging_mixin.py:188} INFO - Changing /opt/***/logs/dag_id=my_dag/run_id=scheduled__2024-03-19T00:00:00+00:00/task_id=training_model_A permission to 509
[2024-03-20T12:38:50.448+0000] {logging_mixin.py:188} INFO - Changing /opt/***/logs/dag_id=my_dag/run_id=scheduled__2024-03-19T00:00:00+00:00 permission to 509
[2024-03-20T12:38:50.452+0000] {logging_mixin.py:188} INFO - Changing /opt/***/logs/dag_id=my_dag permission to 509
[2024-03-20T12:38:50.464+0000] {logging_mixin.py:188} INFO - Changing /opt/***/logs permission to 509
[2024-03-20T12:38:50.717+0000] {taskinstance.py:1979} INFO - Dependencies all met for dep_context=non-requeueable deps ti=<TaskInstance: my_dag.training_model_A scheduled__2024-03-19T00:00:00+00:00 [queued]>
[2024-03-20T12:38:50.752+0000] {taskinstance.py:1979} INFO - Dependencies all met for dep_context=requeueable deps ti=<TaskInstance: my_dag.training_model_A scheduled__2024-03-19T00:00:00+00:00 [queued]>
[2024-03-20T12:38:50.764+0000] {taskinstance.py:2193} INFO - Starting attempt 1 of 1
[2024-03-20T12:38:50.870+0000] {taskinstance.py:2217} INFO - Executing <Task(PythonOperator): training_model_A> on 2024-03-19 00:00:00+00:00
[2024-03-20T12:38:50.927+0000] {standard_task_runner.py:60} INFO - Started process 920 to run task
[2024-03-20T12:38:50.959+0000] {standard_task_runner.py:87} INFO - Running: ['***', 'tasks', 'run', 'my_dag', 'training_model_A', 'scheduled__2024-03-19T00:00:00+00:00', '--job-id', '10', '--raw', '--subdir', 'DAGS_FOLDER/myfirst_dag.py', '--cfg-path', '/tmp/tmpbck17qrx']
[2024-03-20T12:38:50.977+0000] {standard_task_runner.py:88} INFO - Job 10: Subtask training_model_A
[2024-03-20T12:38:51.798+0000] {logging_mixin.py:188} INFO - Changing /opt/***/logs/dag_id=my_dag/run_id=scheduled__2024-03-19T00:00:00+00:00/task_id=training_model_A permission to 509
[2024-03-20T12:38:51.811+0000] {logging_mixin.py:188} INFO - Changing /opt/***/logs/dag_id=my_dag/run_id=scheduled__2024-03-19T00:00:00+00:00 permission to 509
[2024-03-20T12:38:51.822+0000] {logging_mixin.py:188} INFO - Changing /opt/***/logs/dag_id=my_dag permission to 509
[2024-03-20T12:38:51.830+0000] {logging_mixin.py:188} INFO - Changing /opt/***/logs permission to 509
[2024-03-20T12:38:51.845+0000] {task_command.py:423} INFO - Running <TaskInstance: my_dag.training_model_A scheduled__2024-03-19T00:00:00+00:00 [running]> on host bb51432bb76d
[2024-03-20T12:38:52.949+0000] {taskinstance.py:2513} INFO - Exporting env vars: AIRFLOW_CTX_DAG_OWNER='***' AIRFLOW_CTX_DAG_ID='my_dag' AIRFLOW_CTX_TASK_ID='training_model_A' AIRFLOW_CTX_EXECUTION_DATE='2024-03-19T00:00:00+00:00' AIRFLOW_CTX_TRY_NUMBER='1' AIRFLOW_CTX_DAG_RUN_ID='scheduled__2024-03-19T00:00:00+00:00'
[2024-03-20T12:38:52.965+0000] {python.py:202} INFO - Done. Returned value was: 6
[2024-03-20T12:38:53.086+0000] {taskinstance.py:1149} INFO - Marking task as SUCCESS. dag_id=my_dag, task_id=training_model_A, execution_date=20240319T000000, start_date=20240320T123850, end_date=20240320T123853
[2024-03-20T12:38:53.192+0000] {local_task_job_runner.py:234} INFO - Task exited with return code 0
[2024-03-20T12:38:53.305+0000] {taskinstance.py:3312} INFO - 0 downstream tasks scheduled from follow-on schedule check
