[2024-03-20T12:45:49.897+0000] {logging_mixin.py:188} INFO - Changing /opt/***/logs/dag_id=my_dag/run_id=manual__2024-03-20T12:45:46.848876+00:00/task_id=training_model_C permission to 509
[2024-03-20T12:45:49.900+0000] {logging_mixin.py:188} INFO - Changing /opt/***/logs/dag_id=my_dag/run_id=manual__2024-03-20T12:45:46.848876+00:00 permission to 509
[2024-03-20T12:45:49.903+0000] {logging_mixin.py:188} INFO - Changing /opt/***/logs/dag_id=my_dag permission to 509
[2024-03-20T12:45:49.904+0000] {logging_mixin.py:188} INFO - Changing /opt/***/logs permission to 509
[2024-03-20T12:45:49.993+0000] {logging_mixin.py:188} INFO - Changing /opt/***/logs/dag_id=my_dag/run_id=manual__2024-03-20T12:45:46.848876+00:00/task_id=training_model_C permission to 509
[2024-03-20T12:45:49.995+0000] {logging_mixin.py:188} INFO - Changing /opt/***/logs/dag_id=my_dag/run_id=manual__2024-03-20T12:45:46.848876+00:00 permission to 509
[2024-03-20T12:45:49.997+0000] {logging_mixin.py:188} INFO - Changing /opt/***/logs/dag_id=my_dag permission to 509
[2024-03-20T12:45:49.998+0000] {logging_mixin.py:188} INFO - Changing /opt/***/logs permission to 509
[2024-03-20T12:45:50.033+0000] {taskinstance.py:1979} INFO - Dependencies all met for dep_context=non-requeueable deps ti=<TaskInstance: my_dag.training_model_C manual__2024-03-20T12:45:46.848876+00:00 [queued]>
[2024-03-20T12:45:50.041+0000] {taskinstance.py:1979} INFO - Dependencies all met for dep_context=requeueable deps ti=<TaskInstance: my_dag.training_model_C manual__2024-03-20T12:45:46.848876+00:00 [queued]>
[2024-03-20T12:45:50.041+0000] {taskinstance.py:2193} INFO - Starting attempt 1 of 1
[2024-03-20T12:45:50.058+0000] {taskinstance.py:2217} INFO - Executing <Task(PythonOperator): training_model_C> on 2024-03-20 12:45:46.848876+00:00
[2024-03-20T12:45:50.071+0000] {standard_task_runner.py:60} INFO - Started process 1061 to run task
[2024-03-20T12:45:50.083+0000] {standard_task_runner.py:87} INFO - Running: ['***', 'tasks', 'run', 'my_dag', 'training_model_C', 'manual__2024-03-20T12:45:46.848876+00:00', '--job-id', '19', '--raw', '--subdir', 'DAGS_FOLDER/myfirst_dag.py', '--cfg-path', '/tmp/tmpcudvcmzj']
[2024-03-20T12:45:50.085+0000] {standard_task_runner.py:88} INFO - Job 19: Subtask training_model_C
[2024-03-20T12:45:50.267+0000] {logging_mixin.py:188} INFO - Changing /opt/***/logs/dag_id=my_dag/run_id=manual__2024-03-20T12:45:46.848876+00:00/task_id=training_model_C permission to 509
[2024-03-20T12:45:50.268+0000] {logging_mixin.py:188} INFO - Changing /opt/***/logs/dag_id=my_dag/run_id=manual__2024-03-20T12:45:46.848876+00:00 permission to 509
[2024-03-20T12:45:50.270+0000] {logging_mixin.py:188} INFO - Changing /opt/***/logs/dag_id=my_dag permission to 509
[2024-03-20T12:45:50.271+0000] {logging_mixin.py:188} INFO - Changing /opt/***/logs permission to 509
[2024-03-20T12:45:50.282+0000] {task_command.py:423} INFO - Running <TaskInstance: my_dag.training_model_C manual__2024-03-20T12:45:46.848876+00:00 [running]> on host bb51432bb76d
[2024-03-20T12:45:51.087+0000] {taskinstance.py:2513} INFO - Exporting env vars: AIRFLOW_CTX_DAG_OWNER='***' AIRFLOW_CTX_DAG_ID='my_dag' AIRFLOW_CTX_TASK_ID='training_model_C' AIRFLOW_CTX_EXECUTION_DATE='2024-03-20T12:45:46.848876+00:00' AIRFLOW_CTX_TRY_NUMBER='1' AIRFLOW_CTX_DAG_RUN_ID='manual__2024-03-20T12:45:46.848876+00:00'
[2024-03-20T12:45:51.093+0000] {python.py:202} INFO - Done. Returned value was: 7
[2024-03-20T12:45:51.158+0000] {taskinstance.py:1149} INFO - Marking task as SUCCESS. dag_id=my_dag, task_id=training_model_C, execution_date=20240320T124546, start_date=20240320T124550, end_date=20240320T124551
[2024-03-20T12:45:51.256+0000] {local_task_job_runner.py:234} INFO - Task exited with return code 0
[2024-03-20T12:45:51.320+0000] {taskinstance.py:3312} INFO - 0 downstream tasks scheduled from follow-on schedule check
