[2024-03-20T12:39:05.862+0000] {logging_mixin.py:188} INFO - Changing /opt/***/logs/dag_id=my_dag/run_id=manual__2024-03-20T12:38:45.481660+00:00/task_id=choose_best_model permission to 509
[2024-03-20T12:39:05.864+0000] {logging_mixin.py:188} INFO - Changing /opt/***/logs/dag_id=my_dag/run_id=manual__2024-03-20T12:38:45.481660+00:00 permission to 509
[2024-03-20T12:39:05.866+0000] {logging_mixin.py:188} INFO - Changing /opt/***/logs/dag_id=my_dag permission to 509
[2024-03-20T12:39:05.867+0000] {logging_mixin.py:188} INFO - Changing /opt/***/logs permission to 509
[2024-03-20T12:39:05.899+0000] {logging_mixin.py:188} INFO - Changing /opt/***/logs/dag_id=my_dag/run_id=manual__2024-03-20T12:38:45.481660+00:00/task_id=choose_best_model permission to 509
[2024-03-20T12:39:05.901+0000] {logging_mixin.py:188} INFO - Changing /opt/***/logs/dag_id=my_dag/run_id=manual__2024-03-20T12:38:45.481660+00:00 permission to 509
[2024-03-20T12:39:05.903+0000] {logging_mixin.py:188} INFO - Changing /opt/***/logs/dag_id=my_dag permission to 509
[2024-03-20T12:39:05.905+0000] {logging_mixin.py:188} INFO - Changing /opt/***/logs permission to 509
[2024-03-20T12:39:05.941+0000] {taskinstance.py:1979} INFO - Dependencies all met for dep_context=non-requeueable deps ti=<TaskInstance: my_dag.choose_best_model manual__2024-03-20T12:38:45.481660+00:00 [queued]>
[2024-03-20T12:39:05.950+0000] {taskinstance.py:1979} INFO - Dependencies all met for dep_context=requeueable deps ti=<TaskInstance: my_dag.choose_best_model manual__2024-03-20T12:38:45.481660+00:00 [queued]>
[2024-03-20T12:39:05.950+0000] {taskinstance.py:2193} INFO - Starting attempt 1 of 1
[2024-03-20T12:39:05.965+0000] {taskinstance.py:2217} INFO - Executing <Task(BranchPythonOperator): choose_best_model> on 2024-03-20 12:38:45.481660+00:00
[2024-03-20T12:39:05.972+0000] {standard_task_runner.py:60} INFO - Started process 936 to run task
[2024-03-20T12:39:05.976+0000] {standard_task_runner.py:87} INFO - Running: ['***', 'tasks', 'run', 'my_dag', 'choose_best_model', 'manual__2024-03-20T12:38:45.481660+00:00', '--job-id', '17', '--raw', '--subdir', 'DAGS_FOLDER/myfirst_dag.py', '--cfg-path', '/tmp/tmp8t669_r9']
[2024-03-20T12:39:05.979+0000] {standard_task_runner.py:88} INFO - Job 17: Subtask choose_best_model
[2024-03-20T12:39:06.028+0000] {logging_mixin.py:188} INFO - Changing /opt/***/logs/dag_id=my_dag/run_id=manual__2024-03-20T12:38:45.481660+00:00/task_id=choose_best_model permission to 509
[2024-03-20T12:39:06.030+0000] {logging_mixin.py:188} INFO - Changing /opt/***/logs/dag_id=my_dag/run_id=manual__2024-03-20T12:38:45.481660+00:00 permission to 509
[2024-03-20T12:39:06.032+0000] {logging_mixin.py:188} INFO - Changing /opt/***/logs/dag_id=my_dag permission to 509
[2024-03-20T12:39:06.033+0000] {logging_mixin.py:188} INFO - Changing /opt/***/logs permission to 509
[2024-03-20T12:39:06.037+0000] {task_command.py:423} INFO - Running <TaskInstance: my_dag.choose_best_model manual__2024-03-20T12:38:45.481660+00:00 [running]> on host bb51432bb76d
[2024-03-20T12:39:06.114+0000] {taskinstance.py:2513} INFO - Exporting env vars: AIRFLOW_CTX_DAG_OWNER='***' AIRFLOW_CTX_DAG_ID='my_dag' AIRFLOW_CTX_TASK_ID='choose_best_model' AIRFLOW_CTX_EXECUTION_DATE='2024-03-20T12:38:45.481660+00:00' AIRFLOW_CTX_TRY_NUMBER='1' AIRFLOW_CTX_DAG_RUN_ID='manual__2024-03-20T12:38:45.481660+00:00'
[2024-03-20T12:39:06.126+0000] {python.py:202} INFO - Done. Returned value was: accurate
[2024-03-20T12:39:06.127+0000] {branch.py:35} INFO - Branch into accurate
[2024-03-20T12:39:06.128+0000] {skipmixin.py:178} INFO - Following branch accurate
[2024-03-20T12:39:06.147+0000] {skipmixin.py:244} INFO - Skipping tasks [('inaccurate', -1)]
[2024-03-20T12:39:06.197+0000] {taskinstance.py:1149} INFO - Marking task as SUCCESS. dag_id=my_dag, task_id=choose_best_model, execution_date=20240320T123845, start_date=20240320T123905, end_date=20240320T123906
[2024-03-20T12:39:06.228+0000] {local_task_job_runner.py:234} INFO - Task exited with return code 0
[2024-03-20T12:39:06.259+0000] {taskinstance.py:3312} INFO - 1 downstream tasks scheduled from follow-on schedule check
