[2024-03-20T12:45:49.918+0000] {logging_mixin.py:188} INFO - Changing /opt/***/logs/dag_id=my_dag/run_id=manual__2024-03-20T12:45:46.848876+00:00/task_id=training_model_A permission to 509
[2024-03-20T12:45:49.921+0000] {logging_mixin.py:188} INFO - Changing /opt/***/logs/dag_id=my_dag/run_id=manual__2024-03-20T12:45:46.848876+00:00 permission to 509
[2024-03-20T12:45:49.922+0000] {logging_mixin.py:188} INFO - Changing /opt/***/logs/dag_id=my_dag permission to 509
[2024-03-20T12:45:49.924+0000] {logging_mixin.py:188} INFO - Changing /opt/***/logs permission to 509
[2024-03-20T12:45:50.004+0000] {logging_mixin.py:188} INFO - Changing /opt/***/logs/dag_id=my_dag/run_id=manual__2024-03-20T12:45:46.848876+00:00/task_id=training_model_A permission to 509
[2024-03-20T12:45:50.006+0000] {logging_mixin.py:188} INFO - Changing /opt/***/logs/dag_id=my_dag/run_id=manual__2024-03-20T12:45:46.848876+00:00 permission to 509
[2024-03-20T12:45:50.007+0000] {logging_mixin.py:188} INFO - Changing /opt/***/logs/dag_id=my_dag permission to 509
[2024-03-20T12:45:50.007+0000] {logging_mixin.py:188} INFO - Changing /opt/***/logs permission to 509
[2024-03-20T12:45:50.052+0000] {taskinstance.py:1979} INFO - Dependencies all met for dep_context=non-requeueable deps ti=<TaskInstance: my_dag.training_model_A manual__2024-03-20T12:45:46.848876+00:00 [queued]>
[2024-03-20T12:45:50.060+0000] {taskinstance.py:1979} INFO - Dependencies all met for dep_context=requeueable deps ti=<TaskInstance: my_dag.training_model_A manual__2024-03-20T12:45:46.848876+00:00 [queued]>
[2024-03-20T12:45:50.060+0000] {taskinstance.py:2193} INFO - Starting attempt 1 of 1
[2024-03-20T12:45:50.075+0000] {taskinstance.py:2217} INFO - Executing <Task(PythonOperator): training_model_A> on 2024-03-20 12:45:46.848876+00:00
[2024-03-20T12:45:50.083+0000] {standard_task_runner.py:60} INFO - Started process 1062 to run task
[2024-03-20T12:45:50.111+0000] {standard_task_runner.py:87} INFO - Running: ['***', 'tasks', 'run', 'my_dag', 'training_model_A', 'manual__2024-03-20T12:45:46.848876+00:00', '--job-id', '20', '--raw', '--subdir', 'DAGS_FOLDER/myfirst_dag.py', '--cfg-path', '/tmp/tmp492a6u8n']
[2024-03-20T12:45:50.121+0000] {standard_task_runner.py:88} INFO - Job 20: Subtask training_model_A
[2024-03-20T12:45:50.301+0000] {logging_mixin.py:188} INFO - Changing /opt/***/logs/dag_id=my_dag/run_id=manual__2024-03-20T12:45:46.848876+00:00/task_id=training_model_A permission to 509
[2024-03-20T12:45:50.303+0000] {logging_mixin.py:188} INFO - Changing /opt/***/logs/dag_id=my_dag/run_id=manual__2024-03-20T12:45:46.848876+00:00 permission to 509
[2024-03-20T12:45:50.305+0000] {logging_mixin.py:188} INFO - Changing /opt/***/logs/dag_id=my_dag permission to 509
[2024-03-20T12:45:50.307+0000] {logging_mixin.py:188} INFO - Changing /opt/***/logs permission to 509
[2024-03-20T12:45:50.310+0000] {task_command.py:423} INFO - Running <TaskInstance: my_dag.training_model_A manual__2024-03-20T12:45:46.848876+00:00 [running]> on host bb51432bb76d
[2024-03-20T12:45:51.082+0000] {taskinstance.py:2513} INFO - Exporting env vars: AIRFLOW_CTX_DAG_OWNER='***' AIRFLOW_CTX_DAG_ID='my_dag' AIRFLOW_CTX_TASK_ID='training_model_A' AIRFLOW_CTX_EXECUTION_DATE='2024-03-20T12:45:46.848876+00:00' AIRFLOW_CTX_TRY_NUMBER='1' AIRFLOW_CTX_DAG_RUN_ID='manual__2024-03-20T12:45:46.848876+00:00'
[2024-03-20T12:45:51.085+0000] {python.py:202} INFO - Done. Returned value was: 6
[2024-03-20T12:45:51.131+0000] {taskinstance.py:1149} INFO - Marking task as SUCCESS. dag_id=my_dag, task_id=training_model_A, execution_date=20240320T124546, start_date=20240320T124550, end_date=20240320T124551
[2024-03-20T12:45:51.210+0000] {local_task_job_runner.py:234} INFO - Task exited with return code 0
[2024-03-20T12:45:51.273+0000] {taskinstance.py:3312} INFO - 1 downstream tasks scheduled from follow-on schedule check
