[2024-03-20T12:45:55.136+0000] {logging_mixin.py:188} INFO - Changing /opt/***/logs/dag_id=my_dag/run_id=manual__2024-03-20T12:45:46.848876+00:00/task_id=inaccurate permission to 509
[2024-03-20T12:45:55.138+0000] {logging_mixin.py:188} INFO - Changing /opt/***/logs/dag_id=my_dag/run_id=manual__2024-03-20T12:45:46.848876+00:00 permission to 509
[2024-03-20T12:45:55.140+0000] {logging_mixin.py:188} INFO - Changing /opt/***/logs/dag_id=my_dag permission to 509
[2024-03-20T12:45:55.141+0000] {logging_mixin.py:188} INFO - Changing /opt/***/logs permission to 509
[2024-03-20T12:45:55.173+0000] {logging_mixin.py:188} INFO - Changing /opt/***/logs/dag_id=my_dag/run_id=manual__2024-03-20T12:45:46.848876+00:00/task_id=inaccurate permission to 509
[2024-03-20T12:45:55.175+0000] {logging_mixin.py:188} INFO - Changing /opt/***/logs/dag_id=my_dag/run_id=manual__2024-03-20T12:45:46.848876+00:00 permission to 509
[2024-03-20T12:45:55.178+0000] {logging_mixin.py:188} INFO - Changing /opt/***/logs/dag_id=my_dag permission to 509
[2024-03-20T12:45:55.180+0000] {logging_mixin.py:188} INFO - Changing /opt/***/logs permission to 509
[2024-03-20T12:45:55.219+0000] {taskinstance.py:1979} INFO - Dependencies all met for dep_context=non-requeueable deps ti=<TaskInstance: my_dag.inaccurate manual__2024-03-20T12:45:46.848876+00:00 [queued]>
[2024-03-20T12:45:55.228+0000] {taskinstance.py:1979} INFO - Dependencies all met for dep_context=requeueable deps ti=<TaskInstance: my_dag.inaccurate manual__2024-03-20T12:45:46.848876+00:00 [queued]>
[2024-03-20T12:45:55.230+0000] {taskinstance.py:2193} INFO - Starting attempt 1 of 1
[2024-03-20T12:45:55.244+0000] {taskinstance.py:2217} INFO - Executing <Task(BashOperator): inaccurate> on 2024-03-20 12:45:46.848876+00:00
[2024-03-20T12:45:55.252+0000] {standard_task_runner.py:60} INFO - Started process 1069 to run task
[2024-03-20T12:45:55.255+0000] {standard_task_runner.py:87} INFO - Running: ['***', 'tasks', 'run', 'my_dag', 'inaccurate', 'manual__2024-03-20T12:45:46.848876+00:00', '--job-id', '23', '--raw', '--subdir', 'DAGS_FOLDER/myfirst_dag.py', '--cfg-path', '/tmp/tmpqrekx8n4']
[2024-03-20T12:45:55.257+0000] {standard_task_runner.py:88} INFO - Job 23: Subtask inaccurate
[2024-03-20T12:45:55.307+0000] {logging_mixin.py:188} INFO - Changing /opt/***/logs/dag_id=my_dag/run_id=manual__2024-03-20T12:45:46.848876+00:00/task_id=inaccurate permission to 509
[2024-03-20T12:45:55.310+0000] {logging_mixin.py:188} INFO - Changing /opt/***/logs/dag_id=my_dag/run_id=manual__2024-03-20T12:45:46.848876+00:00 permission to 509
[2024-03-20T12:45:55.312+0000] {logging_mixin.py:188} INFO - Changing /opt/***/logs/dag_id=my_dag permission to 509
[2024-03-20T12:45:55.314+0000] {logging_mixin.py:188} INFO - Changing /opt/***/logs permission to 509
[2024-03-20T12:45:55.316+0000] {task_command.py:423} INFO - Running <TaskInstance: my_dag.inaccurate manual__2024-03-20T12:45:46.848876+00:00 [running]> on host bb51432bb76d
[2024-03-20T12:45:55.394+0000] {taskinstance.py:2513} INFO - Exporting env vars: AIRFLOW_CTX_DAG_OWNER='***' AIRFLOW_CTX_DAG_ID='my_dag' AIRFLOW_CTX_TASK_ID='inaccurate' AIRFLOW_CTX_EXECUTION_DATE='2024-03-20T12:45:46.848876+00:00' AIRFLOW_CTX_TRY_NUMBER='1' AIRFLOW_CTX_DAG_RUN_ID='manual__2024-03-20T12:45:46.848876+00:00'
[2024-03-20T12:45:55.398+0000] {subprocess.py:63} INFO - Tmp dir root location: /tmp
[2024-03-20T12:45:55.400+0000] {subprocess.py:75} INFO - Running command: ['/usr/bin/bash', '-c', "echo 'inaccurate'"]
[2024-03-20T12:45:55.413+0000] {subprocess.py:86} INFO - Output:
[2024-03-20T12:45:55.415+0000] {subprocess.py:93} INFO - inaccurate
[2024-03-20T12:45:55.416+0000] {subprocess.py:97} INFO - Command exited with return code 0
[2024-03-20T12:45:55.441+0000] {taskinstance.py:1149} INFO - Marking task as SUCCESS. dag_id=my_dag, task_id=inaccurate, execution_date=20240320T124546, start_date=20240320T124555, end_date=20240320T124555
[2024-03-20T12:45:55.469+0000] {local_task_job_runner.py:234} INFO - Task exited with return code 0
[2024-03-20T12:45:55.488+0000] {taskinstance.py:3312} INFO - 0 downstream tasks scheduled from follow-on schedule check
