[2024-03-20T12:39:03.153+0000] {logging_mixin.py:188} INFO - Changing /opt/***/logs/dag_id=my_dag/run_id=scheduled__2024-03-19T00:00:00+00:00/task_id=choose_best_model permission to 509
[2024-03-20T12:39:03.160+0000] {logging_mixin.py:188} INFO - Changing /opt/***/logs/dag_id=my_dag/run_id=scheduled__2024-03-19T00:00:00+00:00 permission to 509
[2024-03-20T12:39:03.164+0000] {logging_mixin.py:188} INFO - Changing /opt/***/logs/dag_id=my_dag permission to 509
[2024-03-20T12:39:03.168+0000] {logging_mixin.py:188} INFO - Changing /opt/***/logs permission to 509
[2024-03-20T12:39:03.271+0000] {logging_mixin.py:188} INFO - Changing /opt/***/logs/dag_id=my_dag/run_id=scheduled__2024-03-19T00:00:00+00:00/task_id=choose_best_model permission to 509
[2024-03-20T12:39:03.278+0000] {logging_mixin.py:188} INFO - Changing /opt/***/logs/dag_id=my_dag/run_id=scheduled__2024-03-19T00:00:00+00:00 permission to 509
[2024-03-20T12:39:03.282+0000] {logging_mixin.py:188} INFO - Changing /opt/***/logs/dag_id=my_dag permission to 509
[2024-03-20T12:39:03.284+0000] {logging_mixin.py:188} INFO - Changing /opt/***/logs permission to 509
[2024-03-20T12:39:03.396+0000] {taskinstance.py:1979} INFO - Dependencies all met for dep_context=non-requeueable deps ti=<TaskInstance: my_dag.choose_best_model scheduled__2024-03-19T00:00:00+00:00 [queued]>
[2024-03-20T12:39:03.417+0000] {taskinstance.py:1979} INFO - Dependencies all met for dep_context=requeueable deps ti=<TaskInstance: my_dag.choose_best_model scheduled__2024-03-19T00:00:00+00:00 [queued]>
[2024-03-20T12:39:03.419+0000] {taskinstance.py:2193} INFO - Starting attempt 1 of 1
[2024-03-20T12:39:03.447+0000] {taskinstance.py:2217} INFO - Executing <Task(BranchPythonOperator): choose_best_model> on 2024-03-19 00:00:00+00:00
[2024-03-20T12:39:03.459+0000] {standard_task_runner.py:60} INFO - Started process 930 to run task
[2024-03-20T12:39:03.465+0000] {standard_task_runner.py:87} INFO - Running: ['***', 'tasks', 'run', 'my_dag', 'choose_best_model', 'scheduled__2024-03-19T00:00:00+00:00', '--job-id', '15', '--raw', '--subdir', 'DAGS_FOLDER/myfirst_dag.py', '--cfg-path', '/tmp/tmp6dhhcmob']
[2024-03-20T12:39:03.469+0000] {standard_task_runner.py:88} INFO - Job 15: Subtask choose_best_model
[2024-03-20T12:39:03.558+0000] {logging_mixin.py:188} INFO - Changing /opt/***/logs/dag_id=my_dag/run_id=scheduled__2024-03-19T00:00:00+00:00/task_id=choose_best_model permission to 509
[2024-03-20T12:39:03.560+0000] {logging_mixin.py:188} INFO - Changing /opt/***/logs/dag_id=my_dag/run_id=scheduled__2024-03-19T00:00:00+00:00 permission to 509
[2024-03-20T12:39:03.561+0000] {logging_mixin.py:188} INFO - Changing /opt/***/logs/dag_id=my_dag permission to 509
[2024-03-20T12:39:03.563+0000] {logging_mixin.py:188} INFO - Changing /opt/***/logs permission to 509
[2024-03-20T12:39:03.566+0000] {task_command.py:423} INFO - Running <TaskInstance: my_dag.choose_best_model scheduled__2024-03-19T00:00:00+00:00 [running]> on host bb51432bb76d
[2024-03-20T12:39:03.682+0000] {taskinstance.py:2513} INFO - Exporting env vars: AIRFLOW_CTX_DAG_OWNER='***' AIRFLOW_CTX_DAG_ID='my_dag' AIRFLOW_CTX_TASK_ID='choose_best_model' AIRFLOW_CTX_EXECUTION_DATE='2024-03-19T00:00:00+00:00' AIRFLOW_CTX_TRY_NUMBER='1' AIRFLOW_CTX_DAG_RUN_ID='scheduled__2024-03-19T00:00:00+00:00'
[2024-03-20T12:39:03.698+0000] {python.py:202} INFO - Done. Returned value was: inaccurate
[2024-03-20T12:39:03.699+0000] {branch.py:35} INFO - Branch into inaccurate
[2024-03-20T12:39:03.700+0000] {skipmixin.py:178} INFO - Following branch inaccurate
[2024-03-20T12:39:03.731+0000] {skipmixin.py:244} INFO - Skipping tasks [('accurate', -1)]
[2024-03-20T12:39:03.811+0000] {taskinstance.py:1149} INFO - Marking task as SUCCESS. dag_id=my_dag, task_id=choose_best_model, execution_date=20240319T000000, start_date=20240320T123903, end_date=20240320T123903
[2024-03-20T12:39:03.878+0000] {local_task_job_runner.py:234} INFO - Task exited with return code 0
[2024-03-20T12:39:03.920+0000] {taskinstance.py:3312} INFO - 1 downstream tasks scheduled from follow-on schedule check
