[2024-03-20T12:39:02.100+0000] {logging_mixin.py:188} INFO - Changing /opt/***/logs/dag_id=my_dag/run_id=manual__2024-03-20T12:38:45.481660+00:00/task_id=training_model_B permission to 509
[2024-03-20T12:39:02.105+0000] {logging_mixin.py:188} INFO - Changing /opt/***/logs/dag_id=my_dag/run_id=manual__2024-03-20T12:38:45.481660+00:00 permission to 509
[2024-03-20T12:39:02.109+0000] {logging_mixin.py:188} INFO - Changing /opt/***/logs/dag_id=my_dag permission to 509
[2024-03-20T12:39:02.119+0000] {logging_mixin.py:188} INFO - Changing /opt/***/logs permission to 509
[2024-03-20T12:39:02.425+0000] {logging_mixin.py:188} INFO - Changing /opt/***/logs/dag_id=my_dag/run_id=manual__2024-03-20T12:38:45.481660+00:00/task_id=training_model_B permission to 509
[2024-03-20T12:39:02.436+0000] {logging_mixin.py:188} INFO - Changing /opt/***/logs/dag_id=my_dag/run_id=manual__2024-03-20T12:38:45.481660+00:00 permission to 509
[2024-03-20T12:39:02.443+0000] {logging_mixin.py:188} INFO - Changing /opt/***/logs/dag_id=my_dag permission to 509
[2024-03-20T12:39:02.469+0000] {logging_mixin.py:188} INFO - Changing /opt/***/logs permission to 509
[2024-03-20T12:39:02.601+0000] {taskinstance.py:1979} INFO - Dependencies all met for dep_context=non-requeueable deps ti=<TaskInstance: my_dag.training_model_B manual__2024-03-20T12:38:45.481660+00:00 [queued]>
[2024-03-20T12:39:02.635+0000] {taskinstance.py:1979} INFO - Dependencies all met for dep_context=requeueable deps ti=<TaskInstance: my_dag.training_model_B manual__2024-03-20T12:38:45.481660+00:00 [queued]>
[2024-03-20T12:39:02.636+0000] {taskinstance.py:2193} INFO - Starting attempt 1 of 1
[2024-03-20T12:39:02.668+0000] {taskinstance.py:2217} INFO - Executing <Task(PythonOperator): training_model_B> on 2024-03-20 12:38:45.481660+00:00
[2024-03-20T12:39:02.684+0000] {standard_task_runner.py:60} INFO - Started process 928 to run task
[2024-03-20T12:39:02.693+0000] {standard_task_runner.py:87} INFO - Running: ['***', 'tasks', 'run', 'my_dag', 'training_model_B', 'manual__2024-03-20T12:38:45.481660+00:00', '--job-id', '13', '--raw', '--subdir', 'DAGS_FOLDER/myfirst_dag.py', '--cfg-path', '/tmp/tmpei845yg2']
[2024-03-20T12:39:02.698+0000] {standard_task_runner.py:88} INFO - Job 13: Subtask training_model_B
[2024-03-20T12:39:02.810+0000] {logging_mixin.py:188} INFO - Changing /opt/***/logs/dag_id=my_dag/run_id=manual__2024-03-20T12:38:45.481660+00:00/task_id=training_model_B permission to 509
[2024-03-20T12:39:02.816+0000] {logging_mixin.py:188} INFO - Changing /opt/***/logs/dag_id=my_dag/run_id=manual__2024-03-20T12:38:45.481660+00:00 permission to 509
[2024-03-20T12:39:02.818+0000] {logging_mixin.py:188} INFO - Changing /opt/***/logs/dag_id=my_dag permission to 509
[2024-03-20T12:39:02.821+0000] {logging_mixin.py:188} INFO - Changing /opt/***/logs permission to 509
[2024-03-20T12:39:02.828+0000] {task_command.py:423} INFO - Running <TaskInstance: my_dag.training_model_B manual__2024-03-20T12:38:45.481660+00:00 [running]> on host bb51432bb76d
[2024-03-20T12:39:03.059+0000] {taskinstance.py:2513} INFO - Exporting env vars: AIRFLOW_CTX_DAG_OWNER='***' AIRFLOW_CTX_DAG_ID='my_dag' AIRFLOW_CTX_TASK_ID='training_model_B' AIRFLOW_CTX_EXECUTION_DATE='2024-03-20T12:38:45.481660+00:00' AIRFLOW_CTX_TRY_NUMBER='1' AIRFLOW_CTX_DAG_RUN_ID='manual__2024-03-20T12:38:45.481660+00:00'
[2024-03-20T12:39:03.063+0000] {python.py:202} INFO - Done. Returned value was: 9
[2024-03-20T12:39:03.113+0000] {taskinstance.py:1149} INFO - Marking task as SUCCESS. dag_id=my_dag, task_id=training_model_B, execution_date=20240320T123845, start_date=20240320T123902, end_date=20240320T123903
[2024-03-20T12:39:03.192+0000] {local_task_job_runner.py:234} INFO - Task exited with return code 0
[2024-03-20T12:39:03.288+0000] {taskinstance.py:3312} INFO - 0 downstream tasks scheduled from follow-on schedule check
