[2024-03-20T12:39:07.903+0000] {logging_mixin.py:188} INFO - Changing /opt/***/logs/dag_id=my_dag/run_id=manual__2024-03-20T12:38:45.481660+00:00/task_id=accurate permission to 509
[2024-03-20T12:39:07.905+0000] {logging_mixin.py:188} INFO - Changing /opt/***/logs/dag_id=my_dag/run_id=manual__2024-03-20T12:38:45.481660+00:00 permission to 509
[2024-03-20T12:39:07.907+0000] {logging_mixin.py:188} INFO - Changing /opt/***/logs/dag_id=my_dag permission to 509
[2024-03-20T12:39:07.908+0000] {logging_mixin.py:188} INFO - Changing /opt/***/logs permission to 509
[2024-03-20T12:39:07.935+0000] {logging_mixin.py:188} INFO - Changing /opt/***/logs/dag_id=my_dag/run_id=manual__2024-03-20T12:38:45.481660+00:00/task_id=accurate permission to 509
[2024-03-20T12:39:07.937+0000] {logging_mixin.py:188} INFO - Changing /opt/***/logs/dag_id=my_dag/run_id=manual__2024-03-20T12:38:45.481660+00:00 permission to 509
[2024-03-20T12:39:07.938+0000] {logging_mixin.py:188} INFO - Changing /opt/***/logs/dag_id=my_dag permission to 509
[2024-03-20T12:39:07.940+0000] {logging_mixin.py:188} INFO - Changing /opt/***/logs permission to 509
[2024-03-20T12:39:07.976+0000] {taskinstance.py:1979} INFO - Dependencies all met for dep_context=non-requeueable deps ti=<TaskInstance: my_dag.accurate manual__2024-03-20T12:38:45.481660+00:00 [queued]>
[2024-03-20T12:39:07.984+0000] {taskinstance.py:1979} INFO - Dependencies all met for dep_context=requeueable deps ti=<TaskInstance: my_dag.accurate manual__2024-03-20T12:38:45.481660+00:00 [queued]>
[2024-03-20T12:39:07.985+0000] {taskinstance.py:2193} INFO - Starting attempt 1 of 1
[2024-03-20T12:39:07.997+0000] {taskinstance.py:2217} INFO - Executing <Task(BashOperator): accurate> on 2024-03-20 12:38:45.481660+00:00
[2024-03-20T12:39:08.006+0000] {standard_task_runner.py:60} INFO - Started process 940 to run task
[2024-03-20T12:39:08.009+0000] {standard_task_runner.py:87} INFO - Running: ['***', 'tasks', 'run', 'my_dag', 'accurate', 'manual__2024-03-20T12:38:45.481660+00:00', '--job-id', '18', '--raw', '--subdir', 'DAGS_FOLDER/myfirst_dag.py', '--cfg-path', '/tmp/tmpsob35xce']
[2024-03-20T12:39:08.012+0000] {standard_task_runner.py:88} INFO - Job 18: Subtask accurate
[2024-03-20T12:39:08.066+0000] {logging_mixin.py:188} INFO - Changing /opt/***/logs/dag_id=my_dag/run_id=manual__2024-03-20T12:38:45.481660+00:00/task_id=accurate permission to 509
[2024-03-20T12:39:08.068+0000] {logging_mixin.py:188} INFO - Changing /opt/***/logs/dag_id=my_dag/run_id=manual__2024-03-20T12:38:45.481660+00:00 permission to 509
[2024-03-20T12:39:08.069+0000] {logging_mixin.py:188} INFO - Changing /opt/***/logs/dag_id=my_dag permission to 509
[2024-03-20T12:39:08.070+0000] {logging_mixin.py:188} INFO - Changing /opt/***/logs permission to 509
[2024-03-20T12:39:08.073+0000] {task_command.py:423} INFO - Running <TaskInstance: my_dag.accurate manual__2024-03-20T12:38:45.481660+00:00 [running]> on host bb51432bb76d
[2024-03-20T12:39:08.161+0000] {taskinstance.py:2513} INFO - Exporting env vars: AIRFLOW_CTX_DAG_OWNER='***' AIRFLOW_CTX_DAG_ID='my_dag' AIRFLOW_CTX_TASK_ID='accurate' AIRFLOW_CTX_EXECUTION_DATE='2024-03-20T12:38:45.481660+00:00' AIRFLOW_CTX_TRY_NUMBER='1' AIRFLOW_CTX_DAG_RUN_ID='manual__2024-03-20T12:38:45.481660+00:00'
[2024-03-20T12:39:08.165+0000] {subprocess.py:63} INFO - Tmp dir root location: /tmp
[2024-03-20T12:39:08.167+0000] {subprocess.py:75} INFO - Running command: ['/usr/bin/bash', '-c', "echo 'accurate'"]
[2024-03-20T12:39:08.187+0000] {subprocess.py:86} INFO - Output:
[2024-03-20T12:39:08.190+0000] {subprocess.py:93} INFO - accurate
[2024-03-20T12:39:08.191+0000] {subprocess.py:97} INFO - Command exited with return code 0
[2024-03-20T12:39:08.221+0000] {taskinstance.py:1149} INFO - Marking task as SUCCESS. dag_id=my_dag, task_id=accurate, execution_date=20240320T123845, start_date=20240320T123907, end_date=20240320T123908
[2024-03-20T12:39:08.262+0000] {local_task_job_runner.py:234} INFO - Task exited with return code 0
[2024-03-20T12:39:08.280+0000] {taskinstance.py:3312} INFO - 0 downstream tasks scheduled from follow-on schedule check
